2025-09-24 10:24:01.992423: I tensorflow/core/util/port.cc:153] oneDNN custom operations are on. You may see slightly different numerical results due to floating-point round-off errors from different computation orders. To turn them off, set the environment variable `TF_ENABLE_ONEDNN_OPTS=0`.
2025-09-24 10:24:04.022346: I tensorflow/core/util/port.cc:153] oneDNN custom operations are on. You may see slightly different numerical results due to floating-point round-off errors from different computation orders. To turn them off, set the environment variable `TF_ENABLE_ONEDNN_OPTS=0`.
WARNING:tensorflow:From C:\Users\Moiz Syed\anaconda3\Lib\site-packages\tf_keras\src\losses.py:2976: The name tf.losses.sparse_softmax_cross_entropy is deprecated. Please use tf.compat.v1.losses.sparse_softmax_cross_entropy instead.

INFO:     Started server process [23148]
INFO:     Waiting for application startup.
INFO:app.api.main:Starting HSEG API server...
INFO:app.api.main:Database initialized
INFO:app.core.ml_pipeline:Initializing HSEG ML Pipeline...
INFO:app.core.ml_pipeline:Individual risk model loaded
INFO:app.core.ml_pipeline:Text risk classifier loaded (.pkl)
INFO:app.core.ml_pipeline:Organizational risk model loaded
INFO:app.core.ml_pipeline:HSEG ML Pipeline initialized successfully
INFO:app.api.main:ML Pipeline initialized successfully
INFO:app.api.main:HSEG API server startup complete
INFO:     Application startup complete.
INFO:     Uvicorn running on http://0.0.0.0:8000 (Press CTRL+C to quit)
forrtl: error (200): program aborting due to window-CLOSE event
Image              PC                Routine            Line        Source             
KERNELBASE.dll     00007FFCD220A09D  Unknown               Unknown  Unknown
KERNEL32.DLL       00007FFCD3D9E8D7  Unknown               Unknown  Unknown
ntdll.dll          00007FFCD49A8D9C  Unknown               Unknown  Unknown
